/home/buyer/miniconda3/envs/mace/lib/python3.11/site-packages/e3nn/o3/_wigner.py:10: UserWarning: Environment variable TORCH_FORCE_NO_WEIGHTS_ONLY_LOAD detected, since the`weights_only` argument was not explicitly passed to `torch.load`, forcing weights_only=False.
  _Jd, _W3j_flat, _W3j_indices = torch.load(os.path.join(os.path.dirname(__file__), 'constants.pt'))
/home/buyer/miniconda3/envs/mace/lib/python3.11/site-packages/mace/calculators/mace.py:226: UserWarning: Environment variable TORCH_FORCE_NO_WEIGHTS_ONLY_LOAD detected, since the`weights_only` argument was not explicitly passed to `torch.load`, forcing weights_only=False.
  torch.load(f=model_path, map_location=device)
/home/buyer/miniconda3/envs/mace/lib/python3.11/site-packages/mace/calculators/mace.py:226: UserWarning: Environment variable TORCH_FORCE_NO_WEIGHTS_ONLY_LOAD detected, since the`weights_only` argument was not explicitly passed to `torch.load`, forcing weights_only=False.
  torch.load(f=model_path, map_location=device)
cuequivariance or cuequivariance_torch is not available. Cuequivariance acceleration will be disabled.
Using Materials Project MACE for MACECalculator with /home/buyer/.cache/mace/20231203mace128L1_epoch199model
Using float64 for MACECalculator, which is slower but more accurate. Recommended for geometry optimization.
Using Materials Project MACE for MACECalculator with /home/buyer/.cache/mace/20231203mace128L1_epoch199model
Using float64 for MACECalculator, which is slower but more accurate. Recommended for geometry optimization.
base: diff=-0.0  well-posed
/home/buyer/miniconda3/envs/mace/lib/python3.11/site-packages/mace/calculators/mace.py:226: UserWarning: Environment variable TORCH_FORCE_NO_WEIGHTS_ONLY_LOAD detected, since the`weights_only` argument was not explicitly passed to `torch.load`, forcing weights_only=False.
  torch.load(f=model_path, map_location=device)
/home/buyer/miniconda3/envs/mace/lib/python3.11/site-packages/mace/calculators/mace.py:226: UserWarning: Environment variable TORCH_FORCE_NO_WEIGHTS_ONLY_LOAD detected, since the`weights_only` argument was not explicitly passed to `torch.load`, forcing weights_only=False.
  torch.load(f=model_path, map_location=device)
Using Materials Project MACE for MACECalculator with /home/buyer/.cache/mace/20231203mace128L1_epoch199model
Using float64 for MACECalculator, which is slower but more accurate. Recommended for geometry optimization.
Using Materials Project MACE for MACECalculator with /home/buyer/.cache/mace/20231203mace128L1_epoch199model
Using float64 for MACECalculator, which is slower but more accurate. Recommended for geometry optimization.
br: diff=-0.466  ILL-POSED
/home/buyer/miniconda3/envs/mace/lib/python3.11/site-packages/mace/calculators/mace.py:226: UserWarning: Environment variable TORCH_FORCE_NO_WEIGHTS_ONLY_LOAD detected, since the`weights_only` argument was not explicitly passed to `torch.load`, forcing weights_only=False.
  torch.load(f=model_path, map_location=device)
/home/buyer/miniconda3/envs/mace/lib/python3.11/site-packages/mace/calculators/mace.py:226: UserWarning: Environment variable TORCH_FORCE_NO_WEIGHTS_ONLY_LOAD detected, since the`weights_only` argument was not explicitly passed to `torch.load`, forcing weights_only=False.
  torch.load(f=model_path, map_location=device)
Using Materials Project MACE for MACECalculator with /home/buyer/.cache/mace/20231203mace128L1_epoch199model
Using float64 for MACECalculator, which is slower but more accurate. Recommended for geometry optimization.
Using Materials Project MACE for MACECalculator with /home/buyer/.cache/mace/20231203mace128L1_epoch199model
Using float64 for MACECalculator, which is slower but more accurate. Recommended for geometry optimization.
rb: diff=-0.857  ILL-POSED
/home/buyer/miniconda3/envs/mace/lib/python3.11/site-packages/mace/calculators/mace.py:226: UserWarning: Environment variable TORCH_FORCE_NO_WEIGHTS_ONLY_LOAD detected, since the`weights_only` argument was not explicitly passed to `torch.load`, forcing weights_only=False.
  torch.load(f=model_path, map_location=device)
/home/buyer/miniconda3/envs/mace/lib/python3.11/site-packages/mace/calculators/mace.py:226: UserWarning: Environment variable TORCH_FORCE_NO_WEIGHTS_ONLY_LOAD detected, since the`weights_only` argument was not explicitly passed to `torch.load`, forcing weights_only=False.
  torch.load(f=model_path, map_location=device)
Using Materials Project MACE for MACECalculator with /home/buyer/.cache/mace/20231203mace128L1_epoch199model
Using float64 for MACECalculator, which is slower but more accurate. Recommended for geometry optimization.
Using Materials Project MACE for MACECalculator with /home/buyer/.cache/mace/20231203mace128L1_epoch199model
Using float64 for MACECalculator, which is slower but more accurate. Recommended for geometry optimization.
k: diff=-0.043  well-posed

CHECK 1: 2/4 ill-posed -> FAIL
