      Step     Time          Energy          fmax
BFGS:    0 23:15:13     -112.794692        2.397936
BFGS:    1 23:15:13     -113.016664        1.994606
BFGS:    2 23:15:14     -113.803742        0.728195
BFGS:    3 23:15:14     -114.041990        0.579901
BFGS:    4 23:15:14     -114.170327        0.522217
BFGS:    5 23:15:14     -114.250294        0.528447
BFGS:    6 23:15:15     -114.302382        0.526142
BFGS:    7 23:15:15     -114.355816        0.480509
BFGS:    8 23:15:15     -114.453693        0.380268
BFGS:    9 23:15:16     -114.586583        0.325931
BFGS:   10 23:15:16     -114.682476        0.209512
BFGS:   11 23:15:16     -114.700216        0.237732
BFGS:   12 23:15:17     -114.712022        0.233961
BFGS:   13 23:15:17     -114.763573        0.279776
BFGS:   14 23:15:17     -114.820614        0.309485
BFGS:   15 23:15:18     -114.879978        0.297471
BFGS:   16 23:15:18     -114.907038        0.295543
BFGS:   17 23:15:18     -114.923946        0.280007
BFGS:   18 23:15:19     -114.947158        0.237253
BFGS:   19 23:15:19     -114.987552        0.216156
BFGS:   20 23:15:19     -115.036558        0.215204
BFGS:   21 23:15:20     -115.071085        0.204331
BFGS:   22 23:15:20     -115.087560        0.212354
BFGS:   23 23:15:20     -115.094594        0.191820
BFGS:   24 23:15:21     -115.104708        0.158843
BFGS:   25 23:15:21     -115.124478        0.142063
BFGS:   26 23:15:21     -115.148361        0.169505
BFGS:   27 23:15:22     -115.165353        0.191072
BFGS:   28 23:15:22     -115.174432        0.166738
BFGS:   29 23:15:22     -115.183118        0.156708
BFGS:   30 23:15:22     -115.198928        0.160838
BFGS:   31 23:15:23     -115.225853        0.174528
BFGS:   32 23:15:23     -115.256515        0.173238
BFGS:   33 23:15:23     -115.274448        0.171624
BFGS:   34 23:15:24     -115.282384        0.167715
BFGS:   35 23:15:24     -115.290783        0.149028
BFGS:   36 23:15:24     -115.306032        0.151932
BFGS:   37 23:15:25     -115.330492        0.138870
BFGS:   38 23:15:25     -115.352385        0.176712
BFGS:   39 23:15:25     -115.363043        0.156946
BFGS:   40 23:15:26     -115.367280        0.184773
BFGS:   41 23:15:26     -115.370960        0.164077
BFGS:   42 23:15:26     -115.380804        0.114376
BFGS:   43 23:15:27     -115.397120        0.147307
BFGS:   44 23:15:27     -115.417789        0.165140
BFGS:   45 23:15:27     -115.430212        0.123897
BFGS:   46 23:15:28     -115.434562        0.105185
BFGS:   47 23:15:28     -115.437413        0.105223
BFGS:   48 23:15:28     -115.443482        0.110485
BFGS:   49 23:15:29     -115.452418        0.098067
BFGS:   50 23:15:29     -115.460977        0.082079
BFGS:   51 23:15:29     -115.465057        0.085644
BFGS:   52 23:15:30     -115.466660        0.083549
BFGS:   53 23:15:30     -115.468474        0.077671
BFGS:   54 23:15:30     -115.472953        0.091601
BFGS:   55 23:15:30     -115.480844        0.103571
BFGS:   56 23:15:31     -115.488356        0.101447
BFGS:   57 23:15:31     -115.491970        0.080565
BFGS:   58 23:15:31     -115.493630        0.067102
BFGS:   59 23:15:32     -115.495848        0.066657
BFGS:   60 23:15:32     -115.500253        0.078240
BFGS:   61 23:15:32     -115.508327        0.101130
BFGS:   62 23:15:33     -115.518122        0.119072
BFGS:   63 23:15:33     -115.524346        0.090122
BFGS:   64 23:15:33     -115.526898        0.081845
BFGS:   65 23:15:34     -115.528580        0.081931
BFGS:   66 23:15:34     -115.531915        0.078031
BFGS:   67 23:15:34     -115.538385        0.086472
BFGS:   68 23:15:34     -115.547505        0.100809
BFGS:   69 23:15:35     -115.554612        0.089354
BFGS:   70 23:15:35     -115.558073        0.086872
BFGS:   71 23:15:35     -115.560060        0.081198
BFGS:   72 23:15:36     -115.563054        0.074806
BFGS:   73 23:15:36     -115.569750        0.103829
BFGS:   74 23:15:36     -115.581448        0.109810
BFGS:   75 23:15:37     -115.594500        0.115536
BFGS:   76 23:15:37     -115.602425        0.136990
BFGS:   77 23:15:37     -115.606104        0.134223
BFGS:   78 23:15:37     -115.609065        0.120720
BFGS:   79 23:15:38     -115.614906        0.113463
BFGS:   80 23:15:38     -115.624432        0.108598
BFGS:   81 23:15:38     -115.634409        0.098187
BFGS:   82 23:15:39     -115.639752        0.082058
BFGS:   83 23:15:39     -115.641798        0.064423
BFGS:   84 23:15:39     -115.643036        0.068121
BFGS:   85 23:15:40     -115.645805        0.070298
BFGS:   86 23:15:40     -115.651067        0.066118
BFGS:   87 23:15:40     -115.656819        0.085807
BFGS:   88 23:15:41     -115.660179        0.080078
BFGS:   89 23:15:41     -115.661572        0.062369
BFGS:   90 23:15:41     -115.662923        0.058950
BFGS:   91 23:15:41     -115.665454        0.062140
BFGS:   92 23:15:42     -115.669531        0.055547
BFGS:   93 23:15:42     -115.673736        0.070552
BFGS:   94 23:15:43     -115.675966        0.055972
BFGS:   95 23:15:43     -115.676846        0.050438
BFGS:   96 23:15:43     -115.677742        0.049303
BFGS:   97 23:15:44     -115.679630        0.047896
BFGS:   98 23:15:44     -115.682824        0.059403
BFGS:   99 23:15:44     -115.686357        0.075459
BFGS:  100 23:15:45     -115.688329        0.058376
BFGS:  101 23:15:45     -115.689056        0.037495
BFGS:  102 23:15:45     -115.689544        0.034087
BFGS:  103 23:15:46     -115.690529        0.037765
BFGS:  104 23:15:46     -115.692175        0.044999
BFGS:  105 23:15:47     -115.694031        0.057406
BFGS:  106 23:15:47     -115.695105        0.045798
BFGS:  107 23:15:47     -115.695535        0.028885
BFGS:  108 23:15:48     -115.695884        0.030192
BFGS:  109 23:15:48     -115.696602        0.037191
BFGS:  110 23:15:49     -115.697944        0.040588
BFGS:  111 23:15:49     -115.699790        0.051751
BFGS:  112 23:15:50     -115.701202        0.041180
BFGS:  113 23:15:50     -115.701810        0.030794
BFGS:  114 23:15:50     -115.702138        0.028541
BFGS:  115 23:15:51     -115.702686        0.032761
BFGS:  116 23:15:51     -115.703760        0.038151
BFGS:  117 23:15:51     -115.705346        0.049933
BFGS:  118 23:15:52     -115.706700        0.038249
BFGS:  119 23:15:52     -115.707309        0.033708
BFGS:  120 23:15:52     -115.707589        0.029452
BFGS:  121 23:15:53     -115.707979        0.023433
BFGS:  122 23:15:53     -115.708851        0.037035
BFGS:  123 23:15:53     -115.710454        0.052951
BFGS:  124 23:15:54     -115.712461        0.049701
BFGS:  125 23:15:54     -115.713771        0.028583
BFGS:  126 23:15:54     -115.714255        0.029550
BFGS:  127 23:15:55     -115.714517        0.028733
BFGS:  128 23:15:55     -115.714999        0.030690
BFGS:  129 23:15:55     -115.716022        0.042259
BFGS:  130 23:15:56     -115.717674        0.046325
BFGS:  131 23:15:56     -115.719237        0.044535
BFGS:  132 23:15:56     -115.720038        0.050781
BFGS:  133 23:15:57     -115.720429        0.047811
BFGS:  134 23:15:57     -115.720889        0.041124
BFGS:  135 23:15:58     -115.721855        0.043371
BFGS:  136 23:15:58     -115.723399        0.047571
BFGS:  137 23:15:58     -115.724881        0.036185
BFGS:  138 23:15:58     -115.725577        0.030903
BFGS:  139 23:15:59     -115.725797        0.031898
BFGS:  140 23:15:59     -115.725981        0.030298
BFGS:  141 23:15:59     -115.726430        0.026018
BFGS:  142 23:16:00     -115.727298        0.028476
BFGS:  143 23:16:00     -115.728522        0.031779
BFGS:  144 23:16:00     -115.729435        0.031659
BFGS:  145 23:16:01     -115.729791        0.023127
BFGS:  146 23:16:01     -115.729955        0.021829
BFGS:  147 23:16:01     -115.730206        0.021824
BFGS:  148 23:16:02     -115.730717        0.021617
BFGS:  149 23:16:02     -115.731496        0.020133
BFGS:  150 23:16:02     -115.732190        0.022561
BFGS:  151 23:16:03     -115.732499        0.021238
BFGS:  152 23:16:03     -115.732611        0.017715
