      Step     Time          Energy          fmax
BFGS:    0 23:12:49     -110.664431        0.543754
BFGS:    1 23:12:50     -110.683237        0.521089
BFGS:    2 23:12:50     -110.896262        0.288836
BFGS:    3 23:12:51     -110.899661        0.285655
BFGS:    4 23:12:51     -110.949810        0.247542
BFGS:    5 23:12:51     -110.962131        0.221261
BFGS:    6 23:12:51     -110.967730        0.231520
BFGS:    7 23:12:52     -110.974628        0.270357
BFGS:    8 23:12:52     -110.987727        0.269456
BFGS:    9 23:12:53     -111.001741        0.181771
BFGS:   10 23:12:53     -111.011134        0.095385
BFGS:   11 23:12:53     -111.014047        0.065163
BFGS:   12 23:12:53     -111.014752        0.063850
BFGS:   13 23:12:54     -111.016063        0.057196
BFGS:   14 23:12:54     -111.018395        0.066393
BFGS:   15 23:12:54     -111.021481        0.081923
BFGS:   16 23:12:55     -111.023776        0.089203
BFGS:   17 23:12:55     -111.024911        0.086322
BFGS:   18 23:12:56     -111.025920        0.085789
BFGS:   19 23:12:56     -111.027817        0.073679
BFGS:   20 23:12:56     -111.031163        0.074688
BFGS:   21 23:12:57     -111.035431        0.087977
BFGS:   22 23:12:57     -111.038432        0.078647
BFGS:   23 23:12:57     -111.039647        0.062859
BFGS:   24 23:12:58     -111.040289        0.062280
BFGS:   25 23:12:58     -111.041529        0.060022
BFGS:   26 23:12:59     -111.044110        0.057178
BFGS:   27 23:12:59     -111.048361        0.079194
BFGS:   28 23:12:59     -111.052833        0.099366
BFGS:   29 23:13:00     -111.055724        0.086913
BFGS:   30 23:13:00     -111.057635        0.084091
BFGS:   31 23:13:00     -111.060143        0.090487
BFGS:   32 23:13:01     -111.065255        0.088708
BFGS:   33 23:13:01     -111.073948        0.108609
BFGS:   34 23:13:02     -111.082704        0.102363
BFGS:   35 23:13:02     -111.087989        0.082711
BFGS:   36 23:13:02     -111.089791        0.084100
BFGS:   37 23:13:02     -111.091060        0.084334
BFGS:   38 23:13:03     -111.094182        0.082908
BFGS:   39 23:13:03     -111.100363        0.101750
BFGS:   40 23:13:03     -111.110195        0.129519
BFGS:   41 23:13:04     -111.119105        0.117665
BFGS:   42 23:13:04     -111.123969        0.093272
BFGS:   43 23:13:04     -111.125805        0.086337
BFGS:   44 23:13:05     -111.127342        0.085223
BFGS:   45 23:13:05     -111.130569        0.085825
BFGS:   46 23:13:06     -111.134580        0.074779
BFGS:   47 23:13:06     -111.137777        0.044942
BFGS:   48 23:13:06     -111.138907        0.041586
BFGS:   49 23:13:07     -111.139250        0.036106
BFGS:   50 23:13:07     -111.139841        0.032527
BFGS:   51 23:13:07     -111.141154        0.037378
BFGS:   52 23:13:08     -111.143108        0.042611
BFGS:   53 23:13:08     -111.144939        0.044976
BFGS:   54 23:13:09     -111.145856        0.042246
BFGS:   55 23:13:09     -111.146272        0.035233
BFGS:   56 23:13:09     -111.146759        0.030299
BFGS:   57 23:13:10     -111.147670        0.029572
BFGS:   58 23:13:10     -111.148859        0.031666
BFGS:   59 23:13:10     -111.149737        0.026640
BFGS:   60 23:13:11     -111.150079        0.025963
BFGS:   61 23:13:11     -111.150256        0.026198
BFGS:   62 23:13:12     -111.150558        0.025166
BFGS:   63 23:13:12     -111.151184        0.024232
BFGS:   64 23:13:13     -111.152223        0.032408
BFGS:   65 23:13:13     -111.153292        0.032960
BFGS:   66 23:13:14     -111.153865        0.022677
BFGS:   67 23:13:14     -111.154081        0.023021
BFGS:   68 23:13:15     -111.154272        0.023182
BFGS:   69 23:13:15     -111.154706        0.023494
BFGS:   70 23:13:16     -111.155537        0.028487
BFGS:   71 23:13:16     -111.156769        0.039879
BFGS:   72 23:13:17     -111.157831        0.036380
BFGS:   73 23:13:17     -111.158380        0.037882
BFGS:   74 23:13:17     -111.158755        0.036706
BFGS:   75 23:13:18     -111.159392        0.042955
BFGS:   76 23:13:18     -111.160777        0.048181
BFGS:   77 23:13:19     -111.163152        0.054969
BFGS:   78 23:13:19     -111.165618        0.064891
BFGS:   79 23:13:20     -111.167382        0.052917
BFGS:   80 23:13:20     -111.168032        0.038216
BFGS:   81 23:13:21     -111.168480        0.033805
BFGS:   82 23:13:21     -111.169409        0.038234
BFGS:   83 23:13:21     -111.171583        0.047020
BFGS:   84 23:13:22     -111.173844        0.054448
BFGS:   85 23:13:22     -111.175052        0.052165
BFGS:   86 23:13:22     -111.175576        0.049617
BFGS:   87 23:13:23     -111.176158        0.043312
BFGS:   88 23:13:23     -111.177405        0.038052
BFGS:   89 23:13:24     -111.179702        0.041910
BFGS:   90 23:13:24     -111.182549        0.049327
BFGS:   91 23:13:24     -111.184426        0.043928
BFGS:   92 23:13:25     -111.185110        0.040600
BFGS:   93 23:13:25     -111.185429        0.034860
BFGS:   94 23:13:25     -111.185931        0.035925
BFGS:   95 23:13:26     -111.187540        0.042614
BFGS:   96 23:13:26     -111.189913        0.048217
BFGS:   97 23:13:26     -111.192491        0.053290
BFGS:   98 23:13:27     -111.193870        0.059857
BFGS:   99 23:13:27     -111.194649        0.055507
BFGS:  100 23:13:27     -111.195661        0.048163
BFGS:  101 23:13:28     -111.197850        0.054481
BFGS:  102 23:13:29     -111.202063        0.067089
BFGS:  103 23:13:29     -111.207657        0.077345
BFGS:  104 23:13:29     -111.212157        0.071787
BFGS:  105 23:13:30     -111.214009        0.060235
BFGS:  106 23:13:30     -111.214649        0.051122
BFGS:  107 23:13:30     -111.215659        0.040649
BFGS:  108 23:13:31     -111.217905        0.047203
BFGS:  109 23:13:31     -111.221834        0.057973
BFGS:  110 23:13:31     -111.225794        0.058788
BFGS:  111 23:13:32     -111.227638        0.057141
BFGS:  112 23:13:32     -111.228257        0.047862
BFGS:  113 23:13:33     -111.228757        0.040343
BFGS:  114 23:13:33     -111.229918        0.034338
BFGS:  115 23:13:33     -111.231905        0.041671
BFGS:  116 23:13:33     -111.234244        0.047924
BFGS:  117 23:13:34     -111.235786        0.048415
BFGS:  118 23:13:34     -111.236364        0.040885
BFGS:  119 23:13:34     -111.236663        0.033784
BFGS:  120 23:13:35     -111.237375        0.037014
BFGS:  121 23:13:35     -111.238775        0.040793
BFGS:  122 23:13:35     -111.240822        0.034530
BFGS:  123 23:13:36     -111.242458        0.035634
BFGS:  124 23:13:36     -111.243098        0.025659
BFGS:  125 23:13:36     -111.243321        0.031270
BFGS:  126 23:13:37     -111.243597        0.035114
BFGS:  127 23:13:37     -111.244239        0.038920
BFGS:  128 23:13:37     -111.245433        0.039510
BFGS:  129 23:13:38     -111.247004        0.041037
BFGS:  130 23:13:38     -111.248097        0.041640
BFGS:  131 23:13:38     -111.248534        0.040540
BFGS:  132 23:13:39     -111.248765        0.039337
BFGS:  133 23:13:39     -111.249152        0.034743
BFGS:  134 23:13:39     -111.249900        0.024154
BFGS:  135 23:13:40     -111.250922        0.026167
BFGS:  136 23:13:40     -111.251672        0.023204
BFGS:  137 23:13:40     -111.251939        0.020092
BFGS:  138 23:13:41     -111.252035        0.019311
